{
  "RSpec": {
    "coverage": {
      "/Users/sohamchetan/Documents/Rectanglemm/lib/geometry.rb": [
        1,
        1,
        1
      ],
      "/Users/sohamchetan/Documents/Rectanglemm/lib/geometry/side.rb": [
        null,
        1,
        null,
        1,
        1,
        4,
        null,
        null,
        1,
        2,
        null,
        null,
        null
      ],
      "/Users/sohamchetan/Documents/Rectanglemm/lib/geometry/rectangle.rb": [
        null,
        1,
        1,
        2,
        2,
        null,
        null,
        1,
        2,
        null,
        null
      ],
      "/Users/sohamchetan/Documents/Rectanglemm/lib/geometry/unit.rb": [
        1,
        null,
        1,
        4,
        null,
        null,
        1,
        2,
        null,
        null,
        1,
        1,
        null,
        null,
        1,
        1,
        null,
        null,
        1,
        4,
        null,
        null,
        null,
        null,
        null
      ]
    },
    "timestamp": 1422890763
  }
}
