{
  "RSpec": {
    "coverage": {
      "/Users/sohamchetan/Documents/Rectanglemm/lib/geometry.rb": [
        1,
        null,
        1
      ],
      "/Users/sohamchetan/Documents/Rectanglemm/lib/geometry/dimension.rb": [
        1,
        null,
        1,
        1,
        2,
        null,
        null,
        1,
        1,
        null,
        null,
        1,
        1,
        null,
        null,
        1,
        0,
        null,
        null,
        null
      ],
      "/Users/sohamchetan/Documents/Rectanglemm/lib/geometry/rectangle.rb": [
        1,
        1,
        1,
        1,
        null,
        null,
        1,
        1,
        null,
        null
      ]
    },
    "timestamp": 1422862903
  }
}
